<?xml version="1.0" encoding="UTF-8"?>
<!-- Generated by org.testng.reporters.JUnitReportReporter -->
<testsuite skipped="0" hostname="DESKTOP-NOCD0TR" name="Projects.Testing" tests="1" failures="0" timestamp="2020-05-31T16:11:51 IST" time="21.498" errors="0">
  <testcase name="ReqRes" time="21.498" classname="Projects.Testing"/>
  <system-out/>
</testsuite> <!-- Projects.Testing -->
