<?xml version="1.0" encoding="UTF-8"?>
<!-- Generated by org.testng.reporters.JUnitReportReporter -->
<testsuite skipped="0" hostname="DESKTOP-NOCD0TR" name="TestCaseRun" tests="1" failures="0" timestamp="2020-05-31T00:05:21 IST" time="12.185" errors="0">
  <testcase name="RestAPI" time="12.185" classname="TestCaseRun"/>
  <system-out/>
</testsuite> <!-- TestCaseRun -->
