<?xml version="1.0" encoding="UTF-8"?>
<!-- Generated by org.testng.reporters.JUnitReportReporter -->
<testsuite skipped="0" hostname="DESKTOP-NOCD0TR" name="Projects.TestCaseRun" tests="1" failures="0" timestamp="2020-05-31T16:11:51 IST" time="20.935" errors="0">
  <testcase name="RestAPI" time="20.935" classname="Projects.TestCaseRun"/>
  <system-out/>
</testsuite> <!-- Projects.TestCaseRun -->
