<?xml version="1.0" encoding="UTF-8"?>
<!-- Generated by org.testng.reporters.JUnitReportReporter -->
<testsuite skipped="0" hostname="DESKTOP-NOCD0TR" name="Testing" tests="1" failures="0" timestamp="2020-05-30T23:35:58 IST" time="14.257" errors="0">
  <testcase name="ReqRes" time="14.257" classname="Testing"/>
  <system-out/>
</testsuite> <!-- Testing -->
